<?xml version="1.0" encoding="UTF-8"?>
<testng-results skipped="0" failed="1" ignored="1" total="3" passed="1">
  <reporter-output>
  </reporter-output>
  <suite name="com.fieldez.webautomation" duration-ms="80895" started-at="2019-05-22T07:47:55Z" finished-at="2019-05-22T07:49:15Z">
    <groups>
    </groups>
    <test name="Expense Create Case" duration-ms="80895" started-at="2019-05-22T07:47:55Z" finished-at="2019-05-22T07:49:15Z">
      <class name="com.fieldez.testcases.TC_CreateCallTest_003">
        <test-method status="PASS" signature="setup(java.lang.String)[pri:0, instance:com.fieldez.testcases.TC_CreateCallTest_003@14bf9759]" name="setup" is-config="true" duration-ms="16050" started-at="2019-05-22T07:47:55Z" finished-at="2019-05-22T07:48:11Z">
          <params>
            <param index="0">
              <value>
                <![CDATA[Chrome]]>
              </value>
            </param>
          </params>
          <reporter-output>
          </reporter-output>
        </test-method> <!-- setup -->
        <test-method status="PASS" signature="LoginTest(java.lang.String, java.lang.String)[pri:1, instance:com.fieldez.testcases.TC_CreateCallTest_003@14bf9759]" name="LoginTest" duration-ms="24161" started-at="2019-05-22T07:48:15Z" data-provider="DatabaseLogin" finished-at="2019-05-22T07:48:39Z">
          <params>
            <param index="0">
              <value>
                <![CDATA[Ruchitha]]>
              </value>
            </param>
            <param index="1">
              <value>
                <![CDATA[test123]]>
              </value>
            </param>
          </params>
          <reporter-output>
          </reporter-output>
        </test-method> <!-- LoginTest -->
        <test-method status="FAIL" signature="CreateCallTest(java.lang.String, java.lang.String, java.lang.String, java.lang.String, java.lang.String, java.lang.String, java.lang.String, java.lang.String, java.lang.String, java.lang.String, java.lang.String, java.lang.String, java.lang.String, java.lang.String, java.lang.String, java.lang.String, java.lang.String, java.lang.String, java.lang.String)[pri:2, instance:com.fieldez.testcases.TC_CreateCallTest_003@14bf9759]" name="CreateCallTest" duration-ms="35470" started-at="2019-05-22T07:48:39Z" data-provider="CreateCallData" finished-at="2019-05-22T07:49:15Z">
          <params>
            <param index="0">
              <value>
                <![CDATA[Steve]]>
              </value>
            </param>
            <param index="1">
              <value>
                <![CDATA[Bangalore]]>
              </value>
            </param>
            <param index="2">
              <value>
                <![CDATA[Martin]]>
              </value>
            </param>
            <param index="3">
              <value>
                <![CDATA[Ontoyo]]>
              </value>
            </param>
            <param index="4">
              <value>
                <![CDATA[Los Angeles Buckking Ham Street]]>
              </value>
            </param>
            <param index="5">
              <value>
                <![CDATA[New York USA]]>
              </value>
            </param>
            <param index="6">
              <value>
                <![CDATA[New York]]>
              </value>
            </param>
            <param index="7">
              <value>
                <![CDATA[cust883]]>
              </value>
            </param>
            <param index="8">
              <value>
                <![CDATA[ph-932883832]]>
              </value>
            </param>
            <param index="9">
              <value>
                <![CDATA[stevel@jobs.co.in]]>
              </value>
            </param>
            <param index="10">
              <value>
                <![CDATA[Apple]]>
              </value>
            </param>
            <param index="11">
              <value>
                <![CDATA[Ottovia]]>
              </value>
            </param>
            <param index="12">
              <value>
                <![CDATA[Indiviual]]>
              </value>
            </param>
            <param index="13">
              <value>
                <![CDATA[Remarks is there]]>
              </value>
            </param>
            <param index="14">
              <value>
                <![CDATA[WildCraft]]>
              </value>
            </param>
            <param index="15">
              <value>
                <![CDATA[Craft920393]]>
              </value>
            </param>
            <param index="16">
              <value>
                <![CDATA[2  years]]>
              </value>
            </param>
            <param index="17">
              <value>
                <![CDATA[Warranty Type Bonues for  1 year]]>
              </value>
            </param>
            <param index="18">
              <value>
                <![CDATA[Do renewal after 3 years]]>
              </value>
            </param>
          </params>
          <exception class="java.lang.AssertionError">
            <message>
              <![CDATA[The following asserts failed:
Call Not Created expected [true] but found [false]]]>
            </message>
            <full-stacktrace>
              <![CDATA[java.lang.AssertionError: The following asserts failed:
Call Not Created expected [true] but found [false]
at org.testng.asserts.SoftAssert.assertAll(SoftAssert.java:43)
at com.fieldez.testcases.TC_CreateCallTest_003.CreateCallTest(TC_CreateCallTest_003.java:215)
at sun.reflect.NativeMethodAccessorImpl.invoke0(Native Method)
at sun.reflect.NativeMethodAccessorImpl.invoke(Unknown Source)
at sun.reflect.DelegatingMethodAccessorImpl.invoke(Unknown Source)
at java.lang.reflect.Method.invoke(Unknown Source)
at org.testng.internal.MethodInvocationHelper.invokeMethod(MethodInvocationHelper.java:124)
at org.testng.internal.Invoker.invokeMethod(Invoker.java:580)
at org.testng.internal.Invoker.invokeTestMethod(Invoker.java:716)
at org.testng.internal.Invoker.invokeTestMethods(Invoker.java:988)
at org.testng.internal.TestMethodWorker.invokeTestMethods(TestMethodWorker.java:125)
at org.testng.internal.TestMethodWorker.run(TestMethodWorker.java:109)
at org.testng.TestRunner.privateRun(TestRunner.java:648)
at org.testng.TestRunner.run(TestRunner.java:505)
at org.testng.SuiteRunner.runTest(SuiteRunner.java:455)
at org.testng.SuiteRunner.runSequentially(SuiteRunner.java:450)
at org.testng.SuiteRunner.privateRun(SuiteRunner.java:415)
at org.testng.SuiteRunner.run(SuiteRunner.java:364)
at org.testng.SuiteRunnerWorker.runSuite(SuiteRunnerWorker.java:52)
at org.testng.SuiteRunnerWorker.run(SuiteRunnerWorker.java:84)
at org.testng.TestNG.runSuitesSequentially(TestNG.java:1208)
at org.testng.TestNG.runSuitesLocally(TestNG.java:1137)
at org.testng.TestNG.runSuites(TestNG.java:1049)
at org.testng.TestNG.run(TestNG.java:1017)
at org.testng.remote.AbstractRemoteTestNG.run(AbstractRemoteTestNG.java:114)
at org.testng.remote.RemoteTestNG.initAndRun(RemoteTestNG.java:251)
at org.testng.remote.RemoteTestNG.main(RemoteTestNG.java:77)
]]>
            </full-stacktrace>
          </exception> <!-- java.lang.AssertionError -->
          <reporter-output>
          </reporter-output>
        </test-method> <!-- CreateCallTest -->
        <test-method status="PASS" signature="OpenTestResults()[pri:0, instance:com.fieldez.testcases.TC_CreateCallTest_003@14bf9759]" name="OpenTestResults" is-config="true" duration-ms="778" started-at="2019-05-22T07:49:15Z" finished-at="2019-05-22T07:49:15Z">
          <reporter-output>
          </reporter-output>
        </test-method> <!-- OpenTestResults -->
      </class> <!-- com.fieldez.testcases.TC_CreateCallTest_003 -->
    </test> <!-- Expense Create Case -->
  </suite> <!-- com.fieldez.webautomation -->
</testng-results>
